<?xml version="1.0" encoding="UTF-8"?>
<!-- Generated by org.testng.reporters.JUnitReportReporter -->
<testsuite hostname="win7-PC" failures="0" tests="3" name="org.tes.TestNGPart3Challenge" time="18.066" errors="0" timestamp="2023-06-26T11:59:38 IST" skipped="0">
  <testcase classname="org.tes.TestNGPart3Challenge" name="tc2" time="10.758"/>
  <system-out/>
  <testcase classname="org.tes.TestNGPart3Challenge" name="tc3" time="2.838"/>
  <system-out/>
  <testcase classname="org.tes.TestNGPart3Challenge" name="tc1" time="4.470"/>
  <system-out/>
</testsuite> <!-- org.tes.TestNGPart3Challenge -->
