<?xml version="1.0" encoding="UTF-8"?>
<!-- Generated by org.testng.reporters.JUnitReportReporter -->
<testsuite hostname="win7-PC" failures="0" tests="7" name="org.tes.TestNGPart4Challenge" time="27.480" errors="0" timestamp="2023-06-26T11:59:38 IST" skipped="0">
  <testcase classname="org.tes.TestNGPart4Challenge" name="tc3" time="4.121"/>
  <system-out/>
  <testcase classname="org.tes.TestNGPart4Challenge" name="tc1" time="3.717"/>
  <system-out/>
  <testcase classname="org.tes.TestNGPart4Challenge" name="tc2" time="4.678"/>
  <system-out/>
  <testcase classname="org.tes.TestNGPart4Challenge" name="tc56" time="3.028"/>
  <system-out/>
  <testcase classname="org.tes.TestNGPart4Challenge" name="tc69" time="4.609"/>
  <system-out/>
  <testcase classname="org.tes.TestNGPart4Challenge" name="tc43" time="1.710"/>
  <system-out/>
  <testcase classname="org.tes.TestNGPart4Challenge" name="tc31" time="5.617"/>
  <system-out/>
</testsuite> <!-- org.tes.TestNGPart4Challenge -->
