<?xml version="1.0" encoding="UTF-8"?>
<!-- Generated by org.testng.reporters.JUnitReportReporter -->
<testsuite hostname="win7-PC" failures="0" tests="3" name="org.tes.A" time="0.015" errors="0" timestamp="2023-06-26T11:59:38 IST" skipped="0">
  <testcase classname="org.tes.A" name="tc32" time="0.004"/>
  <system-out/>
  <testcase classname="org.tes.A" name="tc46" time="0.010"/>
  <system-out/>
  <testcase classname="org.tes.A" name="tc97" time="0.001"/>
  <system-out/>
</testsuite> <!-- org.tes.A -->
